2019-03-17 18:03:19 [restartedMain] INFO  com.app.Application -Starting Application on MAA-5CG7240W8Y with PID 9128 (C:\Users\mprakasa\Desktop\Pravin_Java_Workouts\SpringBootTutorial\target\classes started by mprakasa in C:\Users\mprakasa\Desktop\Pravin_Java_Workouts\SpringBootTutorial)
2019-03-17 18:03:19 [restartedMain] INFO  com.app.Application -No active profile set, falling back to default profiles: default
2019-03-17 18:03:20 [restartedMain] INFO  o.s.d.r.c.RepositoryConfigurationDelegate -Bootstrapping Spring Data repositories in DEFAULT mode.
2019-03-17 18:03:20 [restartedMain] INFO  o.s.d.r.c.RepositoryConfigurationDelegate -Finished Spring Data repository scanning in 55ms. Found 2 repository interfaces.
2019-03-17 18:03:21 [restartedMain] INFO  o.s.c.s.PostProcessorRegistrationDelegate$BeanPostProcessorChecker -Bean 'org.springframework.transaction.annotation.ProxyTransactionManagementConfiguration' of type [org.springframework.transaction.annotation.ProxyTransactionManagementConfiguration$$EnhancerBySpringCGLIB$$bb509a75] is not eligible for getting processed by all BeanPostProcessors (for example: not eligible for auto-proxying)
2019-03-17 18:03:21 [restartedMain] INFO  o.s.b.w.e.tomcat.TomcatWebServer -Tomcat initialized with port(s): 9090 (http)
2019-03-17 18:03:21 [restartedMain] INFO  o.a.catalina.core.StandardService -Starting service [Tomcat]
2019-03-17 18:03:21 [restartedMain] INFO  o.a.catalina.core.StandardEngine -Starting Servlet engine: [Apache Tomcat/9.0.16]
2019-03-17 18:03:21 [restartedMain] INFO  o.a.c.c.C.[Tomcat].[localhost].[/] -Initializing Spring embedded WebApplicationContext
2019-03-17 18:03:21 [restartedMain] INFO  o.s.web.context.ContextLoader -Root WebApplicationContext: initialization completed in 2252 ms
2019-03-17 18:03:21 [restartedMain] INFO  com.zaxxer.hikari.HikariDataSource -HikariPool-2 - Starting...
2019-03-17 18:03:22 [restartedMain] INFO  com.zaxxer.hikari.HikariDataSource -HikariPool-2 - Start completed.
2019-03-17 18:03:22 [restartedMain] INFO  o.h.jpa.internal.util.LogHelper -HHH000204: Processing PersistenceUnitInfo [
	name: default
	...]
2019-03-17 18:03:22 [restartedMain] INFO  org.hibernate.dialect.Dialect -HHH000400: Using dialect: org.hibernate.dialect.H2Dialect
2019-03-17 18:03:22 [restartedMain] INFO  o.s.o.j.LocalContainerEntityManagerFactoryBean -Initialized JPA EntityManagerFactory for persistence unit 'default'
2019-03-17 18:03:22 [restartedMain] INFO  o.s.b.d.a.OptionalLiveReloadServer -LiveReload server is running on port 35729
2019-03-17 18:03:22 [restartedMain] INFO  o.h.h.i.QueryTranslatorFactoryInitiator -HHH000397: Using ASTQueryTranslatorFactory
2019-03-17 18:03:23 [restartedMain] INFO  o.s.s.c.ThreadPoolTaskExecutor -Initializing ExecutorService 'applicationTaskExecutor'
2019-03-17 18:03:23 [restartedMain] WARN  o.s.b.a.o.j.JpaBaseConfiguration$JpaWebConfiguration$JpaWebMvcConfiguration -spring.jpa.open-in-view is enabled by default. Therefore, database queries may be performed during view rendering. Explicitly configure spring.jpa.open-in-view to disable this warning
2019-03-17 18:03:23 [restartedMain] INFO  o.s.s.web.DefaultSecurityFilterChain -Creating filter chain: any request, [org.springframework.security.web.context.request.async.WebAsyncManagerIntegrationFilter@80db64a, org.springframework.security.web.context.SecurityContextPersistenceFilter@6f304c13, org.springframework.security.web.header.HeaderWriterFilter@533bec8f, org.springframework.security.web.csrf.CsrfFilter@1777b796, org.springframework.security.web.authentication.logout.LogoutFilter@3c6ada30, org.springframework.security.web.authentication.UsernamePasswordAuthenticationFilter@308d90ea, org.springframework.security.web.authentication.ui.DefaultLoginPageGeneratingFilter@515744dd, org.springframework.security.web.authentication.ui.DefaultLogoutPageGeneratingFilter@dc49add, org.springframework.security.web.authentication.www.BasicAuthenticationFilter@7af90202, org.springframework.security.web.savedrequest.RequestCacheAwareFilter@145d46bc, org.springframework.security.web.servletapi.SecurityContextHolderAwareRequestFilter@188e9f2c, org.springframework.security.web.authentication.AnonymousAuthenticationFilter@5112514f, org.springframework.security.web.session.SessionManagementFilter@45518828, org.springframework.security.web.access.ExceptionTranslationFilter@191c4148, org.springframework.security.web.access.intercept.FilterSecurityInterceptor@1f0349e7]
2019-03-17 18:03:24 [restartedMain] INFO  o.s.b.w.e.tomcat.TomcatWebServer -Tomcat initialized with port(s): 9191 (http)
2019-03-17 18:03:24 [restartedMain] INFO  o.a.catalina.core.StandardService -Starting service [Tomcat]
2019-03-17 18:03:24 [restartedMain] INFO  o.a.catalina.core.StandardEngine -Starting Servlet engine: [Apache Tomcat/9.0.16]
2019-03-17 18:03:24 [restartedMain] INFO  o.a.c.c.C.[Tomcat-1].[localhost].[/] -Initializing Spring embedded WebApplicationContext
2019-03-17 18:03:24 [restartedMain] INFO  o.s.web.context.ContextLoader -Root WebApplicationContext: initialization completed in 310 ms
2019-03-17 18:03:24 [restartedMain] INFO  o.s.b.a.e.web.EndpointLinksResolver -Exposing 2 endpoint(s) beneath base path '/actuator'
2019-03-17 18:03:24 [restartedMain] INFO  o.s.b.w.e.tomcat.TomcatWebServer -Tomcat started on port(s): 9191 (http) with context path ''
2019-03-17 18:03:24 [restartedMain] INFO  o.s.b.w.e.tomcat.TomcatWebServer -Tomcat started on port(s): 9090 (http) with context path ''
2019-03-17 18:03:24 [restartedMain] INFO  com.app.Application -Started Application in 5.354 seconds (JVM running for 451.032)
2019-03-17 18:03:24 [restartedMain] INFO  com.app.Application -Datasorce :: HikariDataSource (HikariPool-2)
2019-03-17 18:03:24 [restartedMain] INFO  com.app.Application -Perons :: Person [personId=2, firstName=Pravin, lastName=Kumar, emailAddr=praku@company.com, creationDate=Sun Mar 17 18:03:24 IST 2019]
2019-03-17 18:03:24 [restartedMain] INFO  com.app.Application -Perons :: Person [personId=3, firstName=Maria, lastName=Lydia, emailAddr=marly@company.com, creationDate=Sun Mar 17 18:03:24 IST 2019]
2019-03-17 18:03:24 [restartedMain] INFO  com.app.Application -Perons :: Person [personId=4, firstName=Sei, lastName=Yun, emailAddr=seiyun@company.com, creationDate=Sun Mar 17 18:03:24 IST 2019]
2019-03-17 18:03:24 [restartedMain] INFO  o.s.b.d.a.ConditionEvaluationDeltaLoggingListener -Condition evaluation delta:


==========================
CONDITION EVALUATION DELTA
==========================


Positive matches:
-----------------

   LogFileWebEndpointAutoConfiguration#logFileWebEndpoint matched:
      - Log File found logging.path logs (LogFileWebEndpointAutoConfiguration.LogFileCondition)
      - @ConditionalOnMissingBean (types: org.springframework.boot.actuate.logging.LogFileWebEndpoint; SearchStrategy: all) did not find any beans (OnBeanCondition)


Negative matches:
-----------------

    None


Exclusions:
-----------

    None


Unconditional classes:
----------------------

    None



